# JRE version: Java(TM) SE Runtime Environment (19.0+36) (build 19+36-2238)
# Java VM: Java HotSpot(TM) 64-Bit Server VM (19+36-2238, mixed mode, sharing, tiered, compressed oops, compressed class ptrs, g1 gc, bsd-aarch64)
Heap:
 garbage-first heap   total 53248K, used 21338K [0x0000000780000000, 0x0000000800000000)
  region size 1024K, 8 young (8192K), 1 survivors (1024K)
 Metaspace       used 28681K, committed 29248K, reserved 1114112K
  class space    used 3514K, committed 3776K, reserved 1048576K
GC Heap History (10 events):
Event: 0.401 GC heap before
{Heap before GC invocations=0 (full 0):
 garbage-first heap   total 133120K, used 23520K [0x0000000780000000, 0x0000000800000000)
  region size 1024K, 23 young (23552K), 0 survivors (0K)
 Metaspace       used 7194K, committed 7424K, reserved 1114112K
  class space    used 830K, committed 896K, reserved 1048576K
}
Event: 0.403 GC heap after
{Heap after GC invocations=1 (full 0):
 garbage-first heap   total 133120K, used 5063K [0x0000000780000000, 0x0000000800000000)
  region size 1024K, 3 young (3072K), 3 survivors (3072K)
 Metaspace       used 7194K, committed 7424K, reserved 1114112K
  class space    used 830K, committed 896K, reserved 1048576K
}
Event: 0.659 GC heap before
{Heap before GC invocations=1 (full 0):
 garbage-first heap   total 133120K, used 44999K [0x0000000780000000, 0x0000000800000000)
  region size 1024K, 43 young (44032K), 3 survivors (3072K)
 Metaspace       used 17422K, committed 17728K, reserved 1114112K
  class space    used 2089K, committed 2240K, reserved 1048576K
}
Event: 0.662 GC heap after
{Heap after GC invocations=2 (full 0):
 garbage-first heap   total 133120K, used 8962K [0x0000000780000000, 0x0000000800000000)
  region size 1024K, 6 young (6144K), 6 survivors (6144K)
 Metaspace       used 17422K, committed 17728K, reserved 1114112K
  class space    used 2089K, committed 2240K, reserved 1048576K
}
Event: 0.903 GC heap before
{Heap before GC invocations=2 (full 0):
 garbage-first heap   total 133120K, used 32514K [0x0000000780000000, 0x0000000800000000)
  region size 1024K, 31 young (31744K), 6 survivors (6144K)
 Metaspace       used 21162K, committed 21504K, reserved 1114112K
  class space    used 2545K, committed 2688K, reserved 1048576K
}
Event: 0.906 GC heap after
{Heap after GC invocations=3 (full 0):
 garbage-first heap   total 133120K, used 10608K [0x0000000780000000, 0x0000000800000000)
  region size 1024K, 5 young (5120K), 5 survivors (5120K)
 Metaspace       used 21162K, committed 21504K, reserved 1114112K
  class space    used 2545K, committed 2688K, reserved 1048576K
}
Event: 1.173 GC heap before
{Heap before GC invocations=4 (full 0):
 garbage-first heap   total 45056K, used 43376K [0x0000000780000000, 0x0000000800000000)
  region size 1024K, 37 young (37888K), 5 survivors (5120K)
 Metaspace       used 27561K, committed 28032K, reserved 1114112K
  class space    used 3368K, committed 3584K, reserved 1048576K
}
Event: 1.176 GC heap after
{Heap after GC invocations=5 (full 0):
 garbage-first heap   total 53248K, used 13852K [0x0000000780000000, 0x0000000800000000)
  region size 1024K, 8 young (8192K), 8 survivors (8192K)
 Metaspace       used 27561K, committed 28032K, reserved 1114112K
  class space    used 3368K, committed 3584K, reserved 1048576K
}
Event: 1.181 GC heap before
{Heap before GC invocations=5 (full 0):
 garbage-first heap   total 53248K, used 14876K [0x0000000780000000, 0x0000000800000000)
  region size 1024K, 9 young (9216K), 8 survivors (8192K)
 Metaspace       used 27718K, committed 28224K, reserved 1114112K
  class space    used 3383K, committed 3648K, reserved 1048576K
}
Event: 1.183 GC heap after
{Heap after GC invocations=6 (full 0):
 garbage-first heap   total 53248K, used 14525K [0x0000000780000000, 0x0000000800000000)
  region size 1024K, 1 young (1024K), 1 survivors (1024K)
 Metaspace       used 27718K, committed 28224K, reserved 1114112K
  class space    used 3383K, committed 3648K, reserved 1048576K
}

